# JRE version: OpenJDK Runtime Environment JBR-17.0.9+8-1166.2-nomod (17.0.9+8) (build 17.0.9+8-b1166.2)
# Java VM: OpenJDK 64-Bit Server VM JBR-17.0.9+8-1166.2-nomod (17.0.9+8-b1166.2, mixed mode, emulated-client, tiered, compressed oops, compressed class ptrs, g1 gc, windows-amd64)
GC Precious Log:
 CPUs: 8 total, 8 available
 Memory: 8043M
 Large Page Support: Disabled
 NUMA Support: Disabled
 Compressed Oops: Enabled (32-bit)
 Heap Region Size: 1M
 Heap Min Capacity: 8M
 Heap Initial Capacity: 126M
 Heap Max Capacity: 2012M
 Pre-touch: Disabled
 Parallel Workers: 8
 Concurrent Workers: 2
 Concurrent Refinement Workers: 8
 Periodic GC: Disabled
Heap:
 garbage-first heap   total 95232K, used 53768K [0x0000000082400000, 0x0000000100000000)
  region size 1024K, 4 young (4096K), 4 survivors (4096K)
 Metaspace       used 92697K, committed 93312K, reserved 1179648K
  class space    used 13169K, committed 13440K, reserved 1048576K
GC Heap History (20 events):
Event: 13.412 GC heap after
{Heap after GC invocations=14 (full 0):
 garbage-first heap   total 95232K, used 35630K [0x0000000082400000, 0x0000000100000000)
  region size 1024K, 3 young (3072K), 3 survivors (3072K)
 Metaspace       used 53272K, committed 53696K, reserved 1114112K
  class space    used 7165K, committed 7360K, reserved 1048576K
}
Event: 13.963 GC heap before
{Heap before GC invocations=14 (full 0):
 garbage-first heap   total 95232K, used 62254K [0x0000000082400000, 0x0000000100000000)
  region size 1024K, 30 young (30720K), 3 survivors (3072K)
 Metaspace       used 59891K, committed 60288K, reserved 1114112K
  class space    used 8186K, committed 8384K, reserved 1048576K
}
Event: 13.966 GC heap after
{Heap after GC invocations=15 (full 0):
 garbage-first heap   total 95232K, used 36714K [0x0000000082400000, 0x0000000100000000)
  region size 1024K, 4 young (4096K), 4 survivors (4096K)
 Metaspace       used 59891K, committed 60288K, reserved 1114112K
  class space    used 8186K, committed 8384K, reserved 1048576K
}
Event: 14.736 GC heap before
{Heap before GC invocations=16 (full 0):
 garbage-first heap   total 95232K, used 75626K [0x0000000082400000, 0x0000000100000000)
  region size 1024K, 40 young (40960K), 4 survivors (4096K)
 Metaspace       used 68556K, committed 69056K, reserved 1114112K
  class space    used 9340K, committed 9600K, reserved 1048576K
}
Event: 14.740 GC heap after
{Heap after GC invocations=17 (full 0):
 garbage-first heap   total 95232K, used 40515K [0x0000000082400000, 0x0000000100000000)
  region size 1024K, 3 young (3072K), 3 survivors (3072K)
 Metaspace       used 68556K, committed 69056K, reserved 1114112K
  class space    used 9340K, committed 9600K, reserved 1048576K
}
Event: 14.760 GC heap before
{Heap before GC invocations=17 (full 0):
 garbage-first heap   total 95232K, used 41539K [0x0000000082400000, 0x0000000100000000)
  region size 1024K, 4 young (4096K), 3 survivors (3072K)
 Metaspace       used 68763K, committed 69248K, reserved 1114112K
  class space    used 9375K, committed 9600K, reserved 1048576K
}
Event: 14.763 GC heap after
{Heap after GC invocations=18 (full 0):
 garbage-first heap   total 95232K, used 40361K [0x0000000082400000, 0x0000000100000000)
  region size 1024K, 1 young (1024K), 1 survivors (1024K)
 Metaspace       used 68763K, committed 69248K, reserved 1114112K
  class space    used 9375K, committed 9600K, reserved 1048576K
}
Event: 15.427 GC heap before
{Heap before GC invocations=18 (full 0):
 garbage-first heap   total 95232K, used 73129K [0x0000000082400000, 0x0000000100000000)
  region size 1024K, 34 young (34816K), 1 survivors (1024K)
 Metaspace       used 78065K, committed 78656K, reserved 1179648K
  class space    used 10869K, committed 11136K, reserved 1048576K
}
Event: 15.430 GC heap after
{Heap after GC invocations=19 (full 0):
 garbage-first heap   total 95232K, used 41285K [0x0000000082400000, 0x0000000100000000)
  region size 1024K, 2 young (2048K), 2 survivors (2048K)
 Metaspace       used 78065K, committed 78656K, reserved 1179648K
  class space    used 10869K, committed 11136K, reserved 1048576K
}
Event: 16.191 GC heap before
{Heap before GC invocations=20 (full 0):
 garbage-first heap   total 95232K, used 75077K [0x0000000082400000, 0x0000000100000000)
  region size 1024K, 35 young (35840K), 2 survivors (2048K)
 Metaspace       used 84591K, committed 85120K, reserved 1179648K
  class space    used 11841K, committed 12096K, reserved 1048576K
}
Event: 16.199 GC heap after
{Heap after GC invocations=21 (full 0):
 garbage-first heap   total 95232K, used 44780K [0x0000000082400000, 0x0000000100000000)
  region size 1024K, 5 young (5120K), 5 survivors (5120K)
 Metaspace       used 84591K, committed 85120K, reserved 1179648K
  class space    used 11841K, committed 12096K, reserved 1048576K
}
Event: 16.232 GC heap before
{Heap before GC invocations=21 (full 0):
 garbage-first heap   total 95232K, used 45804K [0x0000000082400000, 0x0000000100000000)
  region size 1024K, 6 young (6144K), 5 survivors (5120K)
 Metaspace       used 84727K, committed 85248K, reserved 1179648K
  class space    used 11874K, committed 12096K, reserved 1048576K
}
Event: 16.236 GC heap after
{Heap after GC invocations=22 (full 0):
 garbage-first heap   total 95232K, used 45241K [0x0000000082400000, 0x0000000100000000)
  region size 1024K, 1 young (1024K), 1 survivors (1024K)
 Metaspace       used 84727K, committed 85248K, reserved 1179648K
  class space    used 11874K, committed 12096K, reserved 1048576K
}
Event: 17.314 GC heap before
{Heap before GC invocations=22 (full 0):
 garbage-first heap   total 95232K, used 76985K [0x0000000082400000, 0x0000000100000000)
  region size 1024K, 32 young (32768K), 1 survivors (1024K)
 Metaspace       used 87842K, committed 88448K, reserved 1179648K
  class space    used 12392K, committed 12672K, reserved 1048576K
}
Event: 17.318 GC heap after
{Heap after GC invocations=23 (full 0):
 garbage-first heap   total 95232K, used 47955K [0x0000000082400000, 0x0000000100000000)
  region size 1024K, 4 young (4096K), 4 survivors (4096K)
 Metaspace       used 87842K, committed 88448K, reserved 1179648K
  class space    used 12392K, committed 12672K, reserved 1048576K
}
Event: 19.505 GC heap before
{Heap before GC invocations=24 (full 0):
 garbage-first heap   total 95232K, used 76627K [0x0000000082400000, 0x0000000100000000)
  region size 1024K, 32 young (32768K), 4 survivors (4096K)
 Metaspace       used 90617K, committed 91264K, reserved 1179648K
  class space    used 12806K, committed 13120K, reserved 1048576K
}
Event: 19.513 GC heap after
{Heap after GC invocations=25 (full 0):
 garbage-first heap   total 95232K, used 51053K [0x0000000082400000, 0x0000000100000000)
  region size 1024K, 4 young (4096K), 4 survivors (4096K)
 Metaspace       used 90617K, committed 91264K, reserved 1179648K
  class space    used 12806K, committed 13120K, reserved 1048576K
}
Event: 19.559 GC heap before
{Heap before GC invocations=25 (full 0):
 garbage-first heap   total 95232K, used 52077K [0x0000000082400000, 0x0000000100000000)
  region size 1024K, 5 young (5120K), 4 survivors (4096K)
 Metaspace       used 90693K, committed 91328K, reserved 1179648K
  class space    used 12819K, committed 13120K, reserved 1048576K
}
Event: 19.564 GC heap after
{Heap after GC invocations=26 (full 0):
 garbage-first heap   total 95232K, used 51193K [0x0000000082400000, 0x0000000100000000)
  region size 1024K, 1 young (1024K), 1 survivors (1024K)
 Metaspace       used 90693K, committed 91328K, reserved 1179648K
  class space    used 12819K, committed 13120K, reserved 1048576K
}
Event: 23.085 GC heap before
{Heap before GC invocations=26 (full 0):
 garbage-first heap   total 95232K, used 76793K [0x0000000082400000, 0x0000000100000000)
  region size 1024K, 26 young (26624K), 1 survivors (1024K)
 Metaspace       used 92697K, committed 93312K, reserved 1179648K
  class space    used 13169K, committed 13440K, reserved 1048576K
}

